2026-03-27 11:31:24 [INFO] ============================================================
2026-03-27 11:31:24 [INFO]   NOTIFICADOR DE PARECERES - Email + ntfy
2026-03-27 11:31:24 [INFO]   Intervalo: 15 minutos
2026-03-27 11:31:24 [INFO]   SMTP: hac.notificacaotasy@saofranciscodf.med.br@smtp.gmail.com:587
2026-03-27 11:31:24 [INFO]   ntfy: https://ntfy.sh/hac-parecer
2026-03-27 11:31:24 [INFO]   Banco: postgres@localhost:5432/postgres
2026-03-27 11:31:24 [INFO] ============================================================
2026-03-27 11:31:24 [INFO] Conexao com banco OK
2026-03-27 11:31:24 [INFO] ==================================================
2026-03-27 11:31:24 [INFO] Verificando pareceres pendentes...
2026-03-27 11:31:24 [ERROR] [pareceres] Erro: column "ds_motivo_consulta" does not exist
LINE 4:                    ds_motivo_consulta, dt_solicitacao, horas...
                           ^

2026-03-27 11:31:24 [INFO] Scheduler ativo. Proximo ciclo em 15 min...
2026-03-27 11:32:06 [INFO] Encerrado pelo usuario (Ctrl+C)
2026-03-27 11:33:00 [INFO] ============================================================
2026-03-27 11:33:00 [INFO]   NOTIFICADOR DE PARECERES - Email + ntfy
2026-03-27 11:33:00 [INFO]   Intervalo: 15 minutos
2026-03-27 11:33:00 [INFO]   SMTP: hac.notificacaotasy@saofranciscodf.med.br@smtp.gmail.com:587
2026-03-27 11:33:00 [INFO]   ntfy: https://ntfy.sh/hac-parecer
2026-03-27 11:33:00 [INFO]   Banco: postgres@localhost:5432/postgres
2026-03-27 11:33:00 [INFO] ============================================================
2026-03-27 11:33:00 [INFO] Conexao com banco OK
2026-03-27 11:33:00 [INFO] ==================================================
2026-03-27 11:33:00 [INFO] Verificando pareceres pendentes...
2026-03-27 11:33:00 [INFO] [pareceres] Primeira execucao - populando snapshot com 132 pareceres (sem notificar)
2026-03-27 11:33:01 [INFO] [pareceres] Snapshot populado. Proximos ciclos detectarao novos pareceres.
2026-03-27 11:33:01 [INFO] Scheduler ativo. Proximo ciclo em 15 min...
2026-03-27 11:35:45 [INFO] Encerrado pelo usuario (Ctrl+C)
2026-03-27 11:35:50 [INFO] ============================================================
2026-03-27 11:35:50 [INFO]   NOTIFICADOR DE PARECERES - Email + ntfy
2026-03-27 11:35:50 [INFO]   Intervalo: 15 minutos
2026-03-27 11:35:50 [INFO]   SMTP: hac.notificacaotasy@saofranciscodf.med.br@smtp.gmail.com:587
2026-03-27 11:35:50 [INFO]   ntfy: https://ntfy.sh/hac-parecer
2026-03-27 11:35:50 [INFO]   Banco: postgres@localhost:5432/postgres
2026-03-27 11:35:50 [INFO] ============================================================
2026-03-27 11:35:50 [INFO] Conexao com banco OK
2026-03-27 11:35:50 [INFO] ==================================================
2026-03-27 11:35:50 [INFO] Verificando pareceres pendentes...
2026-03-27 11:35:56 [INFO] Email enviado OK para: lucas.oliveira@saofranciscodf.med.br
2026-03-27 11:35:57 [INFO] ntfy OK: Parecer Pendente - Otorrinolaringologia (ORL) - Internação Clínica
2026-03-27 11:35:57 [INFO] [pareceres] 1 novos pareceres notificados por email
2026-03-27 11:35:57 [INFO] Scheduler ativo. Proximo ciclo em 15 min...
2026-03-27 11:44:40 [INFO] Encerrado pelo usuario (Ctrl+C)
2026-03-27 11:46:20 [INFO] ============================================================
2026-03-27 11:46:20 [INFO]   NOTIFICADOR DE PARECERES - Email + ntfy
2026-03-27 11:46:20 [INFO]   Intervalo: 15 minutos
2026-03-27 11:46:20 [INFO]   SMTP: hac.notificacaotasy@saofranciscodf.med.br@smtp.gmail.com:587
2026-03-27 11:46:20 [INFO]   ntfy: https://ntfy.sh/hac-parecer
2026-03-27 11:46:20 [INFO]   Banco: postgres@localhost:5432/postgres
2026-03-27 11:46:20 [INFO] ============================================================
2026-03-27 11:46:20 [INFO] Conexao com banco OK
2026-03-27 11:46:20 [INFO] ==================================================
2026-03-27 11:46:20 [INFO] Verificando pareceres pendentes...
2026-03-27 11:46:25 [INFO] Email enviado OK para: lucas.oliveira@saofranciscodf.med.br
2026-03-27 11:46:26 [INFO] ntfy OK: Parecer Pendente - Otorrinolaringologia (ORL) - Internação Clínica
2026-03-27 11:46:26 [INFO] [pareceres] 1 novos pareceres notificados por email
2026-03-27 11:46:26 [INFO] Scheduler ativo. Proximo ciclo em 15 min...
2026-03-27 12:01:26 [INFO] ==================================================
2026-03-27 12:01:26 [INFO] Verificando pareceres pendentes...
2026-03-27 12:01:26 [INFO] [pareceres] Nenhum parecer novo detectado (128 ativos)
2026-03-27 12:10:20 [INFO] Encerrado pelo usuario (Ctrl+C)
2026-03-27 12:11:13 [INFO] ============================================================
2026-03-27 12:11:13 [INFO]   NOTIFICADOR DE PARECERES - Email + ntfy
2026-03-27 12:11:13 [INFO]   Intervalo: 15 minutos
2026-03-27 12:11:13 [INFO]   SMTP: hac.notificacaotasy@saofranciscodf.med.br via smtp.gmail.com:587
2026-03-27 12:11:13 [INFO]   ntfy: https://ntfy.sh/hac-parecer
2026-03-27 12:11:13 [INFO]   Banco: postgres@localhost:5432/postgres
2026-03-27 12:11:13 [INFO] ============================================================
2026-03-27 12:11:13 [INFO] Conexao com banco OK
2026-03-27 12:11:13 [INFO] ==================================================
2026-03-27 12:11:13 [INFO] Verificando pareceres pendentes...
2026-03-27 12:11:13 [INFO] [pareceres] Primeira execucao - populando snapshot com 130 pareceres (sem notificar)
2026-03-27 12:11:13 [INFO] [pareceres] Snapshot populado. Proximos ciclos detectarao novos pareceres.
2026-03-27 12:11:13 [INFO] Scheduler ativo. Proximo ciclo em 15 min...
2026-03-27 12:11:24 [INFO] Encerrado pelo usuario (Ctrl+C)
2026-03-27 12:11:42 [INFO] ============================================================
2026-03-27 12:11:42 [INFO]   NOTIFICADOR DE PARECERES - Email + ntfy
2026-03-27 12:11:42 [INFO]   Intervalo: 15 minutos
2026-03-27 12:11:42 [INFO]   SMTP: hac.notificacaotasy@saofranciscodf.med.br via smtp.gmail.com:587
2026-03-27 12:11:42 [INFO]   ntfy: https://ntfy.sh/hac-parecer
2026-03-27 12:11:42 [INFO]   Banco: postgres@localhost:5432/postgres
2026-03-27 12:11:42 [INFO] ============================================================
2026-03-27 12:11:42 [INFO] Conexao com banco OK
2026-03-27 12:11:42 [INFO] ==================================================
2026-03-27 12:11:42 [INFO] Verificando pareceres pendentes...
2026-03-27 12:11:47 [INFO] Email enviado OK para: lucas.oliveira@saofranciscodf.med.br
2026-03-27 12:11:48 [INFO] ntfy OK: Parecer Pendente - Fisioterapia - Internação Clínica
2026-03-27 12:11:48 [INFO] [pareceres] 1 novos pareceres notificados por email
2026-03-27 12:11:48 [INFO] Scheduler ativo. Proximo ciclo em 15 min...
2026-03-27 12:13:37 [INFO] Encerrado pelo usuario (Ctrl+C)
2026-03-27 12:14:13 [INFO] ============================================================
2026-03-27 12:14:13 [INFO]   NOTIFICADOR DE PARECERES - Email + ntfy
2026-03-27 12:14:13 [INFO]   Intervalo: 15 minutos
2026-03-27 12:14:13 [INFO]   SMTP: hac.notificacaotasy@saofranciscodf.med.br via smtp.gmail.com:587
2026-03-27 12:14:13 [INFO]   ntfy: https://ntfy.sh/hac-parecer
2026-03-27 12:14:13 [INFO]   Banco: postgres@localhost:5432/postgres
2026-03-27 12:14:13 [INFO] ============================================================
2026-03-27 12:14:13 [INFO] Conexao com banco OK
2026-03-27 12:14:13 [INFO] ==================================================
2026-03-27 12:14:13 [INFO] Verificando pareceres pendentes...
2026-03-27 12:14:18 [INFO] Email enviado OK para: lucas.oliveira@saofranciscodf.med.br
2026-03-27 12:14:19 [INFO] ntfy OK: Parecer Pendente - Fisioterapia - Internação Clínica
2026-03-27 12:14:19 [INFO] [pareceres] 1 novos pareceres notificados por email
2026-03-27 12:14:19 [INFO] Scheduler ativo. Proximo ciclo em 15 min...
2026-03-27 12:15:59 [INFO] Encerrado pelo usuario (Ctrl+C)
2026-03-27 12:16:14 [INFO] ============================================================
2026-03-27 12:16:14 [INFO]   NOTIFICADOR DE PARECERES - Email + ntfy
2026-03-27 12:16:14 [INFO]   Intervalo: 10 minutos
2026-03-27 12:16:14 [INFO]   SMTP: hac.notificacaotasy@saofranciscodf.med.br via smtp.gmail.com:587
2026-03-27 12:16:14 [INFO]   ntfy: https://ntfy.sh/hac-parecer
2026-03-27 12:16:14 [INFO]   Banco: postgres@localhost:5432/postgres
2026-03-27 12:16:14 [INFO] ============================================================
2026-03-27 12:16:14 [INFO] Conexao com banco OK
2026-03-27 12:16:14 [INFO] ==================================================
2026-03-27 12:16:14 [INFO] Verificando pareceres pendentes...
2026-03-27 12:16:14 [INFO] [pareceres] Nenhum parecer novo detectado (130 ativos)
2026-03-27 12:16:14 [INFO] Scheduler ativo. Proximo ciclo em 10 min...
2026-03-27 12:26:14 [INFO] ==================================================
2026-03-27 12:26:14 [INFO] Verificando pareceres pendentes...
2026-03-27 12:26:19 [INFO] Email enviado OK para: lucas.oliveira@saofranciscodf.med.br
2026-03-27 12:26:20 [INFO] ntfy OK: Parecer Pendente - Cirurgia Geral - UTI Adulto 01
2026-03-27 12:26:20 [INFO] [pareceres] 1 novos pareceres notificados por email
2026-03-27 12:36:20 [INFO] ==================================================
2026-03-27 12:36:20 [INFO] Verificando pareceres pendentes...
2026-03-27 12:36:20 [INFO] [pareceres] Nenhum parecer novo detectado (125 ativos)
2026-03-27 12:46:20 [INFO] ==================================================
2026-03-27 12:46:20 [INFO] Verificando pareceres pendentes...
2026-03-27 12:46:25 [INFO] Email enviado OK para: lucas.oliveira@saofranciscodf.med.br
2026-03-27 12:46:26 [INFO] ntfy OK: Parecer Pendente - Psiquiatria - UTI Adulto 01
2026-03-27 12:46:30 [INFO] Email enviado OK para: lucas.oliveira@saofranciscodf.med.br
2026-03-27 12:46:31 [INFO] ntfy OK: Parecer Pendente - Fisioterapia - Internação Clínica
2026-03-27 12:46:31 [INFO] [pareceres] 2 novos pareceres notificados por email
2026-03-27 12:56:31 [INFO] ==================================================
2026-03-27 12:56:31 [INFO] Verificando pareceres pendentes...
2026-03-27 12:56:35 [INFO] Email enviado OK para: lucas.oliveira@saofranciscodf.med.br
2026-03-27 12:56:36 [INFO] ntfy OK: Parecer Pendente - Oncologia Clínica - UTI Adulto 01
2026-03-27 12:56:40 [INFO] Email enviado OK para: lucas.oliveira@saofranciscodf.med.br
2026-03-27 12:56:41 [INFO] ntfy OK: Parecer Pendente - Ortopedia e Traumatologia - UTI Adulto 01
2026-03-27 12:56:46 [INFO] Email enviado OK para: lucas.oliveira@saofranciscodf.med.br
2026-03-27 12:56:47 [INFO] ntfy OK: Parecer Pendente - Cirurgia Geral - UTI Adulto 01
2026-03-27 12:56:51 [INFO] Email enviado OK para: lucas.oliveira@saofranciscodf.med.br
2026-03-27 12:56:52 [INFO] ntfy OK: Parecer Pendente - Cirurgia Geral - None
2026-03-27 12:56:52 [INFO] [pareceres] 4 novos pareceres notificados por email
2026-03-27 13:06:52 [INFO] ==================================================
2026-03-27 13:06:52 [INFO] Verificando pareceres pendentes...
2026-03-27 13:06:52 [INFO] [pareceres] Nenhum parecer novo detectado (126 ativos)
2026-03-27 13:14:07 [INFO] Encerrado pelo usuario (Ctrl+C)
2026-03-27 13:14:10 [INFO] ============================================================
2026-03-27 13:14:10 [INFO]   NOTIFICADOR DE PARECERES - Email + ntfy
2026-03-27 13:14:10 [INFO]   Intervalo: 10 minutos
2026-03-27 13:14:10 [INFO]   SMTP: hac.notificacaotasy@saofranciscodf.med.br via smtp.gmail.com:587
2026-03-27 13:14:10 [INFO]   ntfy: https://ntfy.sh/hac-parecer
2026-03-27 13:14:10 [INFO]   Banco: postgres@localhost:5432/postgres
2026-03-27 13:14:10 [INFO] ============================================================
2026-03-27 13:14:10 [INFO] Conexao com banco OK
2026-03-27 13:14:10 [INFO] ==================================================
2026-03-27 13:14:10 [INFO] Verificando pareceres pendentes...
2026-03-27 13:14:11 [INFO] [pareceres] Nenhum parecer novo detectado (126 ativos)
2026-03-27 13:14:11 [INFO] Scheduler ativo. Proximo ciclo em 10 min...
2026-03-27 13:14:24 [INFO] Encerrado pelo usuario (Ctrl+C)
2026-03-27 13:14:53 [INFO] ============================================================
2026-03-27 13:14:53 [INFO]   NOTIFICADOR DE PARECERES - Email + ntfy
2026-03-27 13:14:53 [INFO]   Intervalo: 10 minutos
2026-03-27 13:14:53 [INFO]   SMTP: hac.notificacaotasy@saofranciscodf.med.br via smtp.gmail.com:587
2026-03-27 13:14:53 [INFO]   ntfy: https://ntfy.sh/hac-parecer
2026-03-27 13:14:53 [INFO]   Banco: postgres@localhost:5432/postgres
2026-03-27 13:14:53 [INFO] ============================================================
2026-03-27 13:14:53 [INFO] Conexao com banco OK
2026-03-27 13:14:53 [INFO] ==================================================
2026-03-27 13:14:53 [INFO] Verificando pareceres pendentes...
2026-03-27 13:14:59 [INFO] Email enviado OK para: kennedy.albino@saofranciscodf.med.br, lucas.oliveira@saofranciscodf.med.br
2026-03-27 13:15:00 [INFO] ntfy OK: Parecer Pendente - Cirurgia Geral - None
2026-03-27 13:15:00 [INFO] [pareceres] 1 novos pareceres notificados por email
2026-03-27 13:15:00 [INFO] Scheduler ativo. Proximo ciclo em 10 min...
2026-03-27 13:25:00 [INFO] ==================================================
2026-03-27 13:25:00 [INFO] Verificando pareceres pendentes...
2026-03-27 13:25:01 [INFO] [pareceres] Nenhum parecer novo detectado (125 ativos)
2026-03-27 13:35:01 [INFO] ==================================================
2026-03-27 13:35:01 [INFO] Verificando pareceres pendentes...
2026-03-27 13:35:06 [WARNING] Falha ao enviar email para: kennedy.albino@saofranciscodf.med.br, lucas.oliveira@saofranciscodf.med.br, hac-parecer
2026-03-27 13:35:07 [INFO] ntfy OK: Parecer Pendente - Urologia - None
2026-03-27 13:35:07 [INFO] [pareceres] 1 novos pareceres notificados por email
2026-03-27 13:40:13 [INFO] Encerrado pelo usuario (Ctrl+C)
2026-03-27 13:40:15 [INFO] ============================================================
2026-03-27 13:40:15 [INFO]   NOTIFICADOR DE PARECERES - Email + ntfy
2026-03-27 13:40:15 [INFO]   Intervalo: 10 minutos
2026-03-27 13:40:15 [INFO]   SMTP: hac.notificacaotasy@saofranciscodf.med.br via smtp.gmail.com:587
2026-03-27 13:40:15 [INFO]   ntfy: https://ntfy.sh/hac-parecer
2026-03-27 13:40:15 [INFO]   Banco: postgres@localhost:5432/postgres
2026-03-27 13:40:15 [INFO] ============================================================
2026-03-27 13:40:15 [INFO] Conexao com banco OK
2026-03-27 13:40:15 [INFO] ==================================================
2026-03-27 13:40:15 [INFO] Verificando pareceres pendentes...
2026-03-27 13:40:15 [INFO] [pareceres] Nenhum parecer novo detectado (125 ativos)
2026-03-27 13:40:15 [INFO] Scheduler ativo. Proximo ciclo em 10 min...
2026-03-27 13:50:15 [INFO] ==================================================
2026-03-27 13:50:15 [INFO] Verificando pareceres pendentes...
2026-03-27 13:50:15 [INFO] [pareceres] Nenhum parecer novo detectado (121 ativos)
2026-03-27 14:00:15 [INFO] ==================================================
2026-03-27 14:00:15 [INFO] Verificando pareceres pendentes...
2026-03-27 14:00:16 [INFO] [pareceres] Nenhum parecer novo detectado (121 ativos)
2026-03-27 14:10:16 [INFO] ==================================================
2026-03-27 14:10:16 [INFO] Verificando pareceres pendentes...
2026-03-27 14:10:16 [INFO] [pareceres] Nenhum parecer novo detectado (121 ativos)
2026-03-27 14:20:16 [INFO] ==================================================
2026-03-27 14:20:16 [INFO] Verificando pareceres pendentes...
2026-03-27 14:20:16 [INFO] [pareceres] Nenhum parecer novo detectado (121 ativos)
2026-03-27 14:30:16 [INFO] ==================================================
2026-03-27 14:30:16 [INFO] Verificando pareceres pendentes...
2026-03-27 14:30:16 [INFO] [pareceres] Nenhum parecer novo detectado (121 ativos)
2026-03-27 14:40:16 [INFO] ==================================================
2026-03-27 14:40:16 [INFO] Verificando pareceres pendentes...
2026-03-27 14:40:17 [INFO] [pareceres] Nenhum parecer novo detectado (121 ativos)
2026-03-27 14:50:17 [INFO] ==================================================
2026-03-27 14:50:17 [INFO] Verificando pareceres pendentes...
2026-03-27 14:50:17 [INFO] [pareceres] Nenhum parecer novo detectado (121 ativos)
2026-03-27 15:00:17 [INFO] ==================================================
2026-03-27 15:00:17 [INFO] Verificando pareceres pendentes...
2026-03-27 15:00:23 [WARNING] Falha ao enviar email para: bruna.baiao@saofranciscodf.med.br, cadastro.medico@saofranciscodf.med.br, kennedy.albino@saofranciscodf.med.br, lucas.oliveira@saofranciscodf.med.br, hac-parecer
2026-03-27 15:00:24 [INFO] ntfy OK: Parecer Pendente - Psiquiatria - UTI Adulto
2026-03-27 15:00:29 [WARNING] Falha ao enviar email para: bruna.baiao@saofranciscodf.med.br, cadastro.medico@saofranciscodf.med.br, kennedy.albino@saofranciscodf.med.br, lucas.oliveira@saofranciscodf.med.br, hac-parecer
2026-03-27 15:00:30 [INFO] ntfy OK: Parecer Pendente - Psiquiatria - UTI Adulto 01
2026-03-27 15:00:35 [WARNING] Falha ao enviar email para: bruna.baiao@saofranciscodf.med.br, cadastro.medico@saofranciscodf.med.br, kennedy.albino@saofranciscodf.med.br, lucas.oliveira@saofranciscodf.med.br, hac-parecer
2026-03-27 15:00:36 [INFO] ntfy OK: Parecer Pendente - Fisioterapia - UTI Adulto
2026-03-27 15:00:42 [WARNING] Falha ao enviar email para: bruna.baiao@saofranciscodf.med.br, cadastro.medico@saofranciscodf.med.br, kennedy.albino@saofranciscodf.med.br, lucas.oliveira@saofranciscodf.med.br, hac-parecer
2026-03-27 15:00:43 [INFO] ntfy OK: Parecer Pendente - Radiologia - UTI Adulto 01
2026-03-27 15:00:48 [WARNING] Falha ao enviar email para: bruna.baiao@saofranciscodf.med.br, cadastro.medico@saofranciscodf.med.br, kennedy.albino@saofranciscodf.med.br, lucas.oliveira@saofranciscodf.med.br, hac-parecer
2026-03-27 15:00:48 [INFO] ntfy OK: Parecer Pendente - Psicologia - UTI Adulto
2026-03-27 15:00:48 [INFO] [pareceres] 5 novos pareceres notificados por email
2026-03-27 15:10:48 [INFO] ==================================================
2026-03-27 15:10:48 [INFO] Verificando pareceres pendentes...
2026-03-27 15:10:49 [INFO] [pareceres] Nenhum parecer novo detectado (125 ativos)
2026-03-27 15:20:49 [INFO] ==================================================
2026-03-27 15:20:49 [INFO] Verificando pareceres pendentes...
2026-03-27 15:20:49 [INFO] [pareceres] Nenhum parecer novo detectado (122 ativos)
2026-03-27 15:30:49 [INFO] ==================================================
2026-03-27 15:30:49 [INFO] Verificando pareceres pendentes...
2026-03-27 15:30:49 [INFO] [pareceres] Nenhum parecer novo detectado (122 ativos)
2026-03-27 15:40:49 [INFO] ==================================================
2026-03-27 15:40:49 [INFO] Verificando pareceres pendentes...
2026-03-27 15:40:50 [INFO] [pareceres] Nenhum parecer novo detectado (122 ativos)
2026-03-27 15:50:50 [INFO] ==================================================
2026-03-27 15:50:50 [INFO] Verificando pareceres pendentes...
2026-03-27 15:50:50 [INFO] [pareceres] Nenhum parecer novo detectado (121 ativos)
2026-03-27 16:00:50 [INFO] ==================================================
2026-03-27 16:00:50 [INFO] Verificando pareceres pendentes...
2026-03-27 16:00:50 [INFO] [pareceres] Nenhum parecer novo detectado (121 ativos)
2026-03-27 16:10:50 [INFO] ==================================================
2026-03-27 16:10:50 [INFO] Verificando pareceres pendentes...
2026-03-27 16:10:50 [INFO] [pareceres] Nenhum parecer novo detectado (121 ativos)
2026-03-27 16:20:50 [INFO] ==================================================
2026-03-27 16:20:50 [INFO] Verificando pareceres pendentes...
2026-03-27 16:20:56 [WARNING] Falha ao enviar email para: bruna.baiao@saofranciscodf.med.br, cadastro.medico@saofranciscodf.med.br, kennedy.albino@saofranciscodf.med.br, lucas.oliveira@saofranciscodf.med.br, hac-parecer
2026-03-27 16:20:57 [INFO] ntfy OK: Parecer Pendente - Ginecologia e Obstetrícia - None
2026-03-27 16:20:57 [INFO] [pareceres] 1 novos pareceres notificados por email
2026-03-27 16:30:57 [INFO] ==================================================
2026-03-27 16:30:57 [INFO] Verificando pareceres pendentes...
2026-03-27 16:30:57 [INFO] [pareceres] Nenhum parecer novo detectado (122 ativos)
2026-03-27 16:40:57 [INFO] ==================================================
2026-03-27 16:40:57 [INFO] Verificando pareceres pendentes...
2026-03-27 16:41:03 [WARNING] Falha ao enviar email para: bruna.baiao@saofranciscodf.med.br, cadastro.medico@saofranciscodf.med.br, kennedy.albino@saofranciscodf.med.br, lucas.oliveira@saofranciscodf.med.br, hac-parecer
2026-03-27 16:41:04 [INFO] ntfy OK: Parecer Pendente - Fisioterapia - UTI Adulto
2026-03-27 16:41:10 [WARNING] Falha ao enviar email para: bruna.baiao@saofranciscodf.med.br, cadastro.medico@saofranciscodf.med.br, kennedy.albino@saofranciscodf.med.br, lucas.oliveira@saofranciscodf.med.br, hac-parecer
2026-03-27 16:41:11 [INFO] ntfy OK: Parecer Pendente - Psiquiatria - UTI Adulto 01
2026-03-27 16:41:11 [INFO] [pareceres] 2 novos pareceres notificados por email
2026-03-27 16:51:11 [INFO] ==================================================
2026-03-27 16:51:11 [INFO] Verificando pareceres pendentes...
2026-03-27 16:51:12 [INFO] [pareceres] Nenhum parecer novo detectado (123 ativos)
2026-03-27 17:01:12 [INFO] ==================================================
2026-03-27 17:01:12 [INFO] Verificando pareceres pendentes...
2026-03-27 17:01:12 [INFO] [pareceres] Nenhum parecer novo detectado (122 ativos)
2026-03-27 17:11:12 [INFO] ==================================================
2026-03-27 17:11:12 [INFO] Verificando pareceres pendentes...
2026-03-27 17:11:12 [INFO] [pareceres] Nenhum parecer novo detectado (122 ativos)
2026-03-27 17:21:12 [INFO] ==================================================
2026-03-27 17:21:12 [INFO] Verificando pareceres pendentes...
2026-03-27 17:21:12 [INFO] [pareceres] Nenhum parecer novo detectado (122 ativos)
2026-03-27 17:31:12 [INFO] ==================================================
2026-03-27 17:31:12 [INFO] Verificando pareceres pendentes...
2026-03-27 17:31:13 [INFO] [pareceres] Nenhum parecer novo detectado (122 ativos)
2026-03-27 17:41:13 [INFO] ==================================================
2026-03-27 17:41:13 [INFO] Verificando pareceres pendentes...
2026-03-27 17:41:13 [INFO] [pareceres] Nenhum parecer novo detectado (122 ativos)
2026-03-27 17:51:13 [INFO] ==================================================
2026-03-27 17:51:13 [INFO] Verificando pareceres pendentes...
2026-03-27 17:51:13 [INFO] [pareceres] Nenhum parecer novo detectado (121 ativos)
2026-03-27 18:01:13 [INFO] ==================================================
2026-03-27 18:01:13 [INFO] Verificando pareceres pendentes...
2026-03-27 18:01:13 [INFO] [pareceres] Nenhum parecer novo detectado (121 ativos)
2026-03-27 18:11:14 [INFO] ==================================================
2026-03-27 18:11:14 [INFO] Verificando pareceres pendentes...
2026-03-27 18:11:14 [INFO] [pareceres] Nenhum parecer novo detectado (120 ativos)
2026-03-27 18:21:14 [INFO] ==================================================
2026-03-27 18:21:14 [INFO] Verificando pareceres pendentes...
2026-03-27 18:21:14 [INFO] [pareceres] Nenhum parecer novo detectado (120 ativos)
2026-03-27 18:31:14 [INFO] ==================================================
2026-03-27 18:31:14 [INFO] Verificando pareceres pendentes...
2026-03-27 18:31:14 [INFO] [pareceres] Nenhum parecer novo detectado (120 ativos)
2026-03-27 18:41:14 [INFO] ==================================================
2026-03-27 18:41:14 [INFO] Verificando pareceres pendentes...
2026-03-27 18:41:14 [INFO] [pareceres] Nenhum parecer novo detectado (120 ativos)
2026-03-27 18:51:15 [INFO] ==================================================
2026-03-27 18:51:15 [INFO] Verificando pareceres pendentes...
2026-03-27 18:51:15 [INFO] [pareceres] Nenhum parecer novo detectado (120 ativos)
2026-03-27 19:01:15 [INFO] ==================================================
2026-03-27 19:01:15 [INFO] Verificando pareceres pendentes...
2026-03-27 19:01:15 [INFO] [pareceres] Nenhum parecer novo detectado (119 ativos)
2026-03-27 19:11:15 [INFO] ==================================================
2026-03-27 19:11:15 [INFO] Verificando pareceres pendentes...
2026-03-27 19:11:15 [INFO] [pareceres] Nenhum parecer novo detectado (119 ativos)
2026-03-27 19:21:15 [INFO] ==================================================
2026-03-27 19:21:15 [INFO] Verificando pareceres pendentes...
2026-03-27 19:21:16 [INFO] [pareceres] Nenhum parecer novo detectado (119 ativos)
2026-03-27 19:31:16 [INFO] ==================================================
2026-03-27 19:31:16 [INFO] Verificando pareceres pendentes...
2026-03-27 19:31:16 [INFO] [pareceres] Nenhum parecer novo detectado (119 ativos)
2026-03-27 19:41:16 [INFO] ==================================================
2026-03-27 19:41:16 [INFO] Verificando pareceres pendentes...
2026-03-27 19:41:16 [INFO] [pareceres] Nenhum parecer novo detectado (119 ativos)
2026-03-27 19:51:16 [INFO] ==================================================
2026-03-27 19:51:16 [INFO] Verificando pareceres pendentes...
2026-03-27 19:51:16 [INFO] [pareceres] Nenhum parecer novo detectado (119 ativos)
2026-03-27 20:01:16 [INFO] ==================================================
2026-03-27 20:01:16 [INFO] Verificando pareceres pendentes...
2026-03-27 20:01:17 [INFO] [pareceres] Nenhum parecer novo detectado (119 ativos)
2026-03-27 20:11:17 [INFO] ==================================================
2026-03-27 20:11:17 [INFO] Verificando pareceres pendentes...
2026-03-27 20:11:17 [INFO] [pareceres] Nenhum parecer novo detectado (119 ativos)
2026-03-27 20:21:17 [INFO] ==================================================
2026-03-27 20:21:17 [INFO] Verificando pareceres pendentes...
2026-03-27 20:21:17 [INFO] [pareceres] Nenhum parecer novo detectado (119 ativos)
2026-03-27 20:31:17 [INFO] ==================================================
2026-03-27 20:31:17 [INFO] Verificando pareceres pendentes...
2026-03-27 20:31:23 [WARNING] Falha ao enviar email para: cadastro.medico@saofranciscodf.med.br, emerson.mendes@saofranciscodf.med.br, lucas.oliveira@saofranciscodf.med.br, hac-parecer
2026-03-27 20:31:23 [INFO] ntfy OK: Parecer Pendente - Ortopedia e Traumatologia - None
2026-03-27 20:31:23 [INFO] [pareceres] 1 novos pareceres notificados por email
2026-03-27 20:41:24 [INFO] ==================================================
2026-03-27 20:41:24 [INFO] Verificando pareceres pendentes...
2026-03-27 20:41:24 [INFO] [pareceres] Nenhum parecer novo detectado (120 ativos)
2026-03-27 20:51:24 [INFO] ==================================================
2026-03-27 20:51:24 [INFO] Verificando pareceres pendentes...
2026-03-27 20:51:29 [WARNING] Falha ao enviar email para: cadastro.medico@saofranciscodf.med.br, emerson.mendes@saofranciscodf.med.br, lucas.oliveira@saofranciscodf.med.br, hac-parecer
2026-03-27 20:51:30 [INFO] ntfy OK: Parecer Pendente - Neuro Cirurgia - UTI Adulto 01
2026-03-27 20:51:35 [WARNING] Falha ao enviar email para: cadastro.medico@saofranciscodf.med.br, emerson.mendes@saofranciscodf.med.br, lucas.oliveira@saofranciscodf.med.br, hac-parecer
2026-03-27 20:51:36 [INFO] ntfy OK: Parecer Pendente - Oncologia Clínica - UTI Adulto 01
2026-03-27 20:51:41 [WARNING] Falha ao enviar email para: cadastro.medico@saofranciscodf.med.br, emerson.mendes@saofranciscodf.med.br, lucas.oliveira@saofranciscodf.med.br, hac-parecer
2026-03-27 20:51:42 [INFO] ntfy OK: Parecer Pendente - Neurologia Clínica - UTI Adulto 01
2026-03-27 20:51:42 [INFO] [pareceres] 3 novos pareceres notificados por email
2026-03-27 21:01:42 [INFO] ==================================================
2026-03-27 21:01:42 [INFO] Verificando pareceres pendentes...
2026-03-27 21:01:42 [INFO] [pareceres] Nenhum parecer novo detectado (122 ativos)
2026-03-27 21:11:42 [INFO] ==================================================
2026-03-27 21:11:42 [INFO] Verificando pareceres pendentes...
2026-03-27 21:11:42 [INFO] [pareceres] Nenhum parecer novo detectado (122 ativos)
2026-03-27 21:21:43 [INFO] ==================================================
2026-03-27 21:21:43 [INFO] Verificando pareceres pendentes...
2026-03-27 21:21:43 [INFO] [pareceres] Nenhum parecer novo detectado (121 ativos)
2026-03-27 21:31:43 [INFO] ==================================================
2026-03-27 21:31:43 [INFO] Verificando pareceres pendentes...
2026-03-27 21:31:43 [INFO] [pareceres] Nenhum parecer novo detectado (121 ativos)
2026-03-27 21:41:43 [INFO] ==================================================
2026-03-27 21:41:43 [INFO] Verificando pareceres pendentes...
2026-03-27 21:41:43 [INFO] [pareceres] Nenhum parecer novo detectado (121 ativos)
2026-03-27 21:51:43 [INFO] ==================================================
2026-03-27 21:51:43 [INFO] Verificando pareceres pendentes...
2026-03-27 21:51:49 [WARNING] Falha ao enviar email para: cadastro.medico@saofranciscodf.med.br, emerson.mendes@saofranciscodf.med.br, lucas.oliveira@saofranciscodf.med.br, hac-parecer
2026-03-27 21:51:50 [INFO] ntfy OK: Parecer Pendente - Fisioterapia - Internação Clínica
2026-03-27 21:51:50 [INFO] [pareceres] 1 novos pareceres notificados por email
2026-03-27 22:01:50 [INFO] ==================================================
2026-03-27 22:01:50 [INFO] Verificando pareceres pendentes...
2026-03-27 22:01:55 [WARNING] Falha ao enviar email para: cadastro.medico@saofranciscodf.med.br, emerson.mendes@saofranciscodf.med.br, lucas.oliveira@saofranciscodf.med.br, hac-parecer
2026-03-27 22:01:56 [INFO] ntfy OK: Parecer Pendente - Cardiologia - Internação Clínica
2026-03-27 22:01:56 [INFO] [pareceres] 1 novos pareceres notificados por email
2026-03-27 22:11:56 [INFO] ==================================================
2026-03-27 22:11:56 [INFO] Verificando pareceres pendentes...
2026-03-27 22:11:56 [INFO] [pareceres] Nenhum parecer novo detectado (123 ativos)
2026-03-27 22:21:56 [INFO] ==================================================
2026-03-27 22:21:56 [INFO] Verificando pareceres pendentes...
2026-03-27 22:21:57 [INFO] [pareceres] Nenhum parecer novo detectado (123 ativos)
2026-03-27 22:31:57 [INFO] ==================================================
2026-03-27 22:31:57 [INFO] Verificando pareceres pendentes...
2026-03-27 22:31:57 [INFO] [pareceres] Nenhum parecer novo detectado (123 ativos)
2026-03-27 22:41:57 [INFO] ==================================================
2026-03-27 22:41:57 [INFO] Verificando pareceres pendentes...
2026-03-27 22:42:04 [WARNING] Falha ao enviar email para: cadastro.medico@saofranciscodf.med.br, emerson.mendes@saofranciscodf.med.br, lucas.oliveira@saofranciscodf.med.br, hac-parecer
2026-03-27 22:42:05 [INFO] ntfy OK: Parecer Pendente - Cirurgia Buco Maxilo Facial - UTI Adulto
2026-03-27 22:42:05 [INFO] [pareceres] 1 novos pareceres notificados por email
2026-03-27 22:52:05 [INFO] ==================================================
2026-03-27 22:52:05 [INFO] Verificando pareceres pendentes...
2026-03-27 22:52:05 [INFO] [pareceres] Nenhum parecer novo detectado (123 ativos)
2026-03-27 23:02:05 [INFO] ==================================================
2026-03-27 23:02:06 [INFO] Verificando pareceres pendentes...
2026-03-27 23:02:06 [INFO] [pareceres] Nenhum parecer novo detectado (122 ativos)
2026-03-27 23:12:06 [INFO] ==================================================
2026-03-27 23:12:06 [INFO] Verificando pareceres pendentes...
2026-03-27 23:12:13 [WARNING] Falha ao enviar email para: cadastro.medico@saofranciscodf.med.br, emerson.mendes@saofranciscodf.med.br, lucas.oliveira@saofranciscodf.med.br, hac-parecer
2026-03-27 23:12:13 [INFO] ntfy OK: Parecer Pendente - Fisioterapia - UTI Adulto 01
2026-03-27 23:12:19 [WARNING] Falha ao enviar email para: cadastro.medico@saofranciscodf.med.br, emerson.mendes@saofranciscodf.med.br, lucas.oliveira@saofranciscodf.med.br, hac-parecer
2026-03-27 23:12:20 [INFO] ntfy OK: Parecer Pendente - Fisioterapia - UTI Adulto
2026-03-27 23:12:20 [INFO] [pareceres] 2 novos pareceres notificados por email
2026-03-27 23:22:20 [INFO] ==================================================
2026-03-27 23:22:20 [INFO] Verificando pareceres pendentes...
2026-03-27 23:22:20 [INFO] [pareceres] Nenhum parecer novo detectado (124 ativos)
2026-03-27 23:32:20 [INFO] ==================================================
2026-03-27 23:32:20 [INFO] Verificando pareceres pendentes...
2026-03-27 23:32:20 [INFO] [pareceres] Nenhum parecer novo detectado (124 ativos)
2026-03-27 23:42:20 [INFO] ==================================================
2026-03-27 23:42:20 [INFO] Verificando pareceres pendentes...
2026-03-27 23:42:26 [WARNING] Falha ao enviar email para: cadastro.medico@saofranciscodf.med.br, emerson.mendes@saofranciscodf.med.br, lucas.oliveira@saofranciscodf.med.br, hac-parecer
2026-03-27 23:42:27 [INFO] ntfy OK: Parecer Pendente - Fisioterapia - UTI Adulto
2026-03-27 23:42:27 [INFO] [pareceres] 1 novos pareceres notificados por email
2026-03-27 23:52:27 [INFO] ==================================================
2026-03-27 23:52:27 [INFO] Verificando pareceres pendentes...
2026-03-27 23:52:33 [WARNING] Falha ao enviar email para: cadastro.medico@saofranciscodf.med.br, emerson.mendes@saofranciscodf.med.br, lucas.oliveira@saofranciscodf.med.br, hac-parecer
2026-03-27 23:52:34 [INFO] ntfy OK: Parecer Pendente - Fisioterapia - UTI Adulto
2026-03-27 23:52:34 [INFO] [pareceres] 1 novos pareceres notificados por email
2026-03-28 00:02:34 [INFO] ==================================================
2026-03-28 00:02:34 [INFO] Verificando pareceres pendentes...
2026-03-28 00:02:34 [INFO] [pareceres] Nenhum parecer novo detectado (126 ativos)
2026-03-28 00:12:35 [INFO] ==================================================
2026-03-28 00:12:35 [INFO] Verificando pareceres pendentes...
2026-03-28 00:12:35 [INFO] [pareceres] Nenhum parecer novo detectado (126 ativos)
2026-03-28 00:22:35 [INFO] ==================================================
2026-03-28 00:22:35 [INFO] Verificando pareceres pendentes...
2026-03-28 00:22:35 [INFO] [pareceres] Nenhum parecer novo detectado (126 ativos)
2026-03-28 00:32:35 [INFO] ==================================================
2026-03-28 00:32:35 [INFO] Verificando pareceres pendentes...
2026-03-28 00:32:35 [INFO] [pareceres] Nenhum parecer novo detectado (126 ativos)
2026-03-28 00:42:35 [INFO] ==================================================
2026-03-28 00:42:35 [INFO] Verificando pareceres pendentes...
2026-03-28 00:42:36 [INFO] [pareceres] Nenhum parecer novo detectado (126 ativos)
2026-03-28 00:52:36 [INFO] ==================================================
2026-03-28 00:52:36 [INFO] Verificando pareceres pendentes...
2026-03-28 00:52:36 [INFO] [pareceres] Nenhum parecer novo detectado (126 ativos)
2026-03-28 01:02:36 [INFO] ==================================================
2026-03-28 01:02:36 [INFO] Verificando pareceres pendentes...
2026-03-28 01:02:36 [INFO] [pareceres] Nenhum parecer novo detectado (126 ativos)
2026-03-28 01:12:36 [INFO] ==================================================
2026-03-28 01:12:36 [INFO] Verificando pareceres pendentes...
2026-03-28 01:12:36 [INFO] [pareceres] Nenhum parecer novo detectado (126 ativos)
2026-03-28 01:22:37 [INFO] ==================================================
2026-03-28 01:22:37 [INFO] Verificando pareceres pendentes...
2026-03-28 01:22:37 [INFO] [pareceres] Nenhum parecer novo detectado (126 ativos)
2026-03-28 01:32:37 [INFO] ==================================================
2026-03-28 01:32:37 [INFO] Verificando pareceres pendentes...
2026-03-28 01:32:37 [INFO] [pareceres] Nenhum parecer novo detectado (126 ativos)
2026-03-28 01:42:37 [INFO] ==================================================
2026-03-28 01:42:37 [INFO] Verificando pareceres pendentes...
2026-03-28 01:42:37 [INFO] [pareceres] Nenhum parecer novo detectado (126 ativos)
2026-03-28 01:52:37 [INFO] ==================================================
2026-03-28 01:52:37 [INFO] Verificando pareceres pendentes...
2026-03-28 01:52:43 [WARNING] Falha ao enviar email para: cadastro.medico@saofranciscodf.med.br, emerson.mendes@saofranciscodf.med.br, lucas.oliveira@saofranciscodf.med.br, hac-parecer
2026-03-28 01:52:43 [INFO] ntfy OK: Parecer Pendente - Fisioterapia - UTI Adulto
2026-03-28 01:52:43 [INFO] [pareceres] 1 novos pareceres notificados por email
2026-03-28 02:02:43 [INFO] ==================================================
2026-03-28 02:02:43 [INFO] Verificando pareceres pendentes...
2026-03-28 02:02:44 [INFO] [pareceres] Nenhum parecer novo detectado (127 ativos)
2026-03-28 02:12:44 [INFO] ==================================================
2026-03-28 02:12:44 [INFO] Verificando pareceres pendentes...
2026-03-28 02:12:44 [INFO] [pareceres] Nenhum parecer novo detectado (127 ativos)
2026-03-28 02:22:44 [INFO] ==================================================
2026-03-28 02:22:44 [INFO] Verificando pareceres pendentes...
2026-03-28 02:22:44 [INFO] [pareceres] Nenhum parecer novo detectado (127 ativos)
2026-03-28 02:32:44 [INFO] ==================================================
2026-03-28 02:32:44 [INFO] Verificando pareceres pendentes...
2026-03-28 02:32:45 [INFO] [pareceres] Nenhum parecer novo detectado (127 ativos)
2026-03-28 02:42:45 [INFO] ==================================================
2026-03-28 02:42:45 [INFO] Verificando pareceres pendentes...
2026-03-28 02:42:45 [INFO] [pareceres] Nenhum parecer novo detectado (127 ativos)
2026-03-28 02:52:45 [INFO] ==================================================
2026-03-28 02:52:45 [INFO] Verificando pareceres pendentes...
2026-03-28 02:52:45 [INFO] [pareceres] Nenhum parecer novo detectado (127 ativos)
2026-03-28 03:02:45 [INFO] ==================================================
2026-03-28 03:02:45 [INFO] Verificando pareceres pendentes...
2026-03-28 03:02:45 [INFO] [pareceres] Nenhum parecer novo detectado (127 ativos)
2026-03-28 03:12:45 [INFO] ==================================================
2026-03-28 03:12:45 [INFO] Verificando pareceres pendentes...
2026-03-28 03:12:46 [INFO] [pareceres] Nenhum parecer novo detectado (126 ativos)
2026-03-28 03:22:46 [INFO] ==================================================
2026-03-28 03:22:46 [INFO] Verificando pareceres pendentes...
2026-03-28 03:22:46 [INFO] [pareceres] Nenhum parecer novo detectado (126 ativos)
2026-03-28 03:32:46 [INFO] ==================================================
2026-03-28 03:32:46 [INFO] Verificando pareceres pendentes...
2026-03-28 03:32:46 [INFO] [pareceres] Nenhum parecer novo detectado (126 ativos)
2026-03-28 03:42:46 [INFO] ==================================================
2026-03-28 03:42:46 [INFO] Verificando pareceres pendentes...
2026-03-28 03:42:46 [INFO] [pareceres] Nenhum parecer novo detectado (126 ativos)
2026-03-28 03:52:46 [INFO] ==================================================
2026-03-28 03:52:46 [INFO] Verificando pareceres pendentes...
2026-03-28 03:52:47 [INFO] [pareceres] Nenhum parecer novo detectado (126 ativos)
2026-03-28 04:02:47 [INFO] ==================================================
2026-03-28 04:02:47 [INFO] Verificando pareceres pendentes...
2026-03-28 04:02:47 [INFO] [pareceres] Nenhum parecer novo detectado (126 ativos)
2026-03-28 04:12:47 [INFO] ==================================================
2026-03-28 04:12:47 [INFO] Verificando pareceres pendentes...
2026-03-28 04:12:47 [INFO] [pareceres] Nenhum parecer novo detectado (126 ativos)
2026-03-28 04:22:47 [INFO] ==================================================
2026-03-28 04:22:47 [INFO] Verificando pareceres pendentes...
2026-03-28 04:22:47 [INFO] [pareceres] Nenhum parecer novo detectado (126 ativos)
2026-03-28 04:32:48 [INFO] ==================================================
2026-03-28 04:32:48 [INFO] Verificando pareceres pendentes...
2026-03-28 04:32:48 [INFO] [pareceres] Nenhum parecer novo detectado (126 ativos)
2026-03-28 04:42:48 [INFO] ==================================================
2026-03-28 04:42:48 [INFO] Verificando pareceres pendentes...
2026-03-28 04:42:48 [INFO] [pareceres] Nenhum parecer novo detectado (126 ativos)
2026-03-28 04:52:48 [INFO] ==================================================
2026-03-28 04:52:48 [INFO] Verificando pareceres pendentes...
2026-03-28 04:52:48 [INFO] [pareceres] Nenhum parecer novo detectado (126 ativos)
2026-03-28 05:02:48 [INFO] ==================================================
2026-03-28 05:02:48 [INFO] Verificando pareceres pendentes...
2026-03-28 05:02:49 [INFO] [pareceres] Nenhum parecer novo detectado (126 ativos)
2026-03-28 05:12:49 [INFO] ==================================================
2026-03-28 05:12:49 [INFO] Verificando pareceres pendentes...
2026-03-28 05:12:49 [INFO] [pareceres] Nenhum parecer novo detectado (126 ativos)
2026-03-28 05:22:49 [INFO] ==================================================
2026-03-28 05:22:49 [INFO] Verificando pareceres pendentes...
2026-03-28 05:22:49 [INFO] [pareceres] Nenhum parecer novo detectado (126 ativos)
2026-03-28 05:32:49 [INFO] ==================================================
2026-03-28 05:32:49 [INFO] Verificando pareceres pendentes...
2026-03-28 05:32:49 [INFO] [pareceres] Nenhum parecer novo detectado (126 ativos)
2026-03-28 05:42:49 [INFO] ==================================================
2026-03-28 05:42:49 [INFO] Verificando pareceres pendentes...
2026-03-28 05:42:50 [INFO] [pareceres] Nenhum parecer novo detectado (126 ativos)
2026-03-28 05:52:50 [INFO] ==================================================
2026-03-28 05:52:50 [INFO] Verificando pareceres pendentes...
2026-03-28 05:52:50 [INFO] [pareceres] Nenhum parecer novo detectado (125 ativos)
2026-03-28 06:02:50 [INFO] ==================================================
2026-03-28 06:02:50 [INFO] Verificando pareceres pendentes...
2026-03-28 06:02:50 [INFO] [pareceres] Nenhum parecer novo detectado (125 ativos)
2026-03-28 06:12:50 [INFO] ==================================================
2026-03-28 06:12:50 [INFO] Verificando pareceres pendentes...
2026-03-28 06:12:50 [INFO] [pareceres] Nenhum parecer novo detectado (124 ativos)
2026-03-28 06:22:50 [INFO] ==================================================
2026-03-28 06:22:50 [INFO] Verificando pareceres pendentes...
2026-03-28 06:22:51 [INFO] [pareceres] Nenhum parecer novo detectado (124 ativos)
2026-03-28 06:32:51 [INFO] ==================================================
2026-03-28 06:32:51 [INFO] Verificando pareceres pendentes...
2026-03-28 06:32:51 [INFO] [pareceres] Nenhum parecer novo detectado (124 ativos)
2026-03-28 06:42:51 [INFO] ==================================================
2026-03-28 06:42:51 [INFO] Verificando pareceres pendentes...
2026-03-28 06:42:51 [INFO] [pareceres] Nenhum parecer novo detectado (124 ativos)
2026-03-28 06:52:51 [INFO] ==================================================
2026-03-28 06:52:51 [INFO] Verificando pareceres pendentes...
2026-03-28 06:52:51 [INFO] [pareceres] Nenhum parecer novo detectado (124 ativos)
2026-03-28 07:02:52 [INFO] ==================================================
2026-03-28 07:02:52 [INFO] Verificando pareceres pendentes...
2026-03-28 07:02:52 [INFO] [pareceres] Nenhum parecer novo detectado (124 ativos)
2026-03-28 07:12:52 [INFO] ==================================================
2026-03-28 07:12:52 [INFO] Verificando pareceres pendentes...
2026-03-28 07:12:57 [WARNING] Falha ao enviar email para: cadastro.medico@saofranciscodf.med.br, emerson.mendes@saofranciscodf.med.br, lucas.oliveira@saofranciscodf.med.br, hac-parecer
2026-03-28 07:12:58 [INFO] ntfy OK: Parecer Pendente - Cirurgia Geral - UTI Adulto
2026-03-28 07:13:04 [WARNING] Falha ao enviar email para: cadastro.medico@saofranciscodf.med.br, emerson.mendes@saofranciscodf.med.br, lucas.oliveira@saofranciscodf.med.br, hac-parecer
2026-03-28 07:13:04 [INFO] ntfy OK: Parecer Pendente - Nefrologia - UTI Adulto
2026-03-28 07:13:04 [INFO] [pareceres] 2 novos pareceres notificados por email
2026-03-28 07:23:05 [INFO] ==================================================
2026-03-28 07:23:05 [INFO] Verificando pareceres pendentes...
2026-03-28 07:23:05 [INFO] [pareceres] Nenhum parecer novo detectado (126 ativos)
2026-03-28 07:33:05 [INFO] ==================================================
2026-03-28 07:33:05 [INFO] Verificando pareceres pendentes...
2026-03-28 07:33:05 [INFO] [pareceres] Nenhum parecer novo detectado (126 ativos)
2026-03-28 07:43:05 [INFO] ==================================================
2026-03-28 07:43:05 [INFO] Verificando pareceres pendentes...
2026-03-28 07:43:05 [INFO] [pareceres] Nenhum parecer novo detectado (126 ativos)
2026-03-28 07:53:05 [INFO] ==================================================
2026-03-28 07:53:05 [INFO] Verificando pareceres pendentes...
2026-03-28 07:53:06 [INFO] [pareceres] Nenhum parecer novo detectado (126 ativos)
2026-03-28 08:03:06 [INFO] ==================================================
2026-03-28 08:03:06 [INFO] Verificando pareceres pendentes...
2026-03-28 08:03:06 [INFO] [pareceres] Nenhum parecer novo detectado (126 ativos)
2026-03-28 08:13:06 [INFO] ==================================================
2026-03-28 08:13:06 [INFO] Verificando pareceres pendentes...
2026-03-28 08:13:06 [INFO] [pareceres] Nenhum parecer novo detectado (126 ativos)
2026-03-28 08:23:06 [INFO] ==================================================
2026-03-28 08:23:06 [INFO] Verificando pareceres pendentes...
2026-03-28 08:23:07 [INFO] [pareceres] Nenhum parecer novo detectado (126 ativos)
2026-03-28 08:33:07 [INFO] ==================================================
2026-03-28 08:33:07 [INFO] Verificando pareceres pendentes...
2026-03-28 08:33:07 [INFO] [pareceres] Nenhum parecer novo detectado (126 ativos)
2026-03-28 08:43:07 [INFO] ==================================================
2026-03-28 08:43:07 [INFO] Verificando pareceres pendentes...
2026-03-28 08:43:07 [INFO] [pareceres] Nenhum parecer novo detectado (126 ativos)
2026-03-28 08:53:07 [INFO] ==================================================
2026-03-28 08:53:07 [INFO] Verificando pareceres pendentes...
2026-03-28 08:53:07 [INFO] [pareceres] Nenhum parecer novo detectado (126 ativos)
2026-03-28 09:03:07 [INFO] ==================================================
2026-03-28 09:03:07 [INFO] Verificando pareceres pendentes...
2026-03-28 09:03:08 [INFO] [pareceres] Nenhum parecer novo detectado (126 ativos)
2026-03-28 09:13:08 [INFO] ==================================================
2026-03-28 09:13:08 [INFO] Verificando pareceres pendentes...
2026-03-28 09:13:08 [INFO] [pareceres] Nenhum parecer novo detectado (126 ativos)
2026-03-28 09:23:08 [INFO] ==================================================
2026-03-28 09:23:08 [INFO] Verificando pareceres pendentes...
2026-03-28 09:23:08 [INFO] [pareceres] Nenhum parecer novo detectado (125 ativos)
2026-03-28 09:33:08 [INFO] ==================================================
2026-03-28 09:33:08 [INFO] Verificando pareceres pendentes...
2026-03-28 09:33:08 [INFO] [pareceres] Nenhum parecer novo detectado (125 ativos)
2026-03-28 09:43:09 [INFO] ==================================================
2026-03-28 09:43:09 [INFO] Verificando pareceres pendentes...
2026-03-28 09:43:09 [INFO] [pareceres] Nenhum parecer novo detectado (125 ativos)
