[2026-03-04 20:18:57] INFO [app:58] - ✅ Sistema de logging configurado (rotação diária, retenção: 3 dias)
[2026-03-04 20:18:57] INFO [app:73] - ✅ Security headers configurados
[2026-03-04 20:18:57] INFO [app:72] - ✅ Error handlers registrados
[2026-03-04 20:19:00] INFO [app:114] -  23 Blueprints registrados com sucesso
[2026-03-04 20:19:00] INFO [app:58] - ✅ Sistema de logging configurado (rotação diária, retenção: 3 dias)
[2026-03-04 20:19:00] INFO [app:73] - ✅ Security headers configurados
[2026-03-04 20:19:00] INFO [app:72] - ✅ Error handlers registrados
[2026-03-04 20:19:01] INFO [app:114] -  23 Blueprints registrados com sucesso
[2026-03-04 20:24:54] WARNING [app:17] - 404 Error: http://172.16.1.75:5000/static/manifest.json
[2026-03-04 20:51:37] INFO [app:58] - ✅ Sistema de logging configurado (rotação diária, retenção: 3 dias)
[2026-03-04 20:51:37] INFO [app:73] - ✅ Security headers configurados
[2026-03-04 20:51:37] INFO [app:72] - ✅ Error handlers registrados
[2026-03-04 20:51:37] INFO [app:114] -  23 Blueprints registrados com sucesso
[2026-03-04 20:52:44] WARNING [app:17] - 404 Error: http://172.16.1.75:5000/static/manifest.json
[2026-03-04 20:56:59] INFO [app:58] - ✅ Sistema de logging configurado (rotação diária, retenção: 3 dias)
[2026-03-04 20:56:59] INFO [app:73] - ✅ Security headers configurados
[2026-03-04 20:56:59] INFO [app:72] - ✅ Error handlers registrados
[2026-03-04 20:56:59] INFO [app:115] -  24 Blueprints registrados com sucesso
[2026-03-04 20:57:24] INFO [app:58] - ✅ Sistema de logging configurado (rotação diária, retenção: 3 dias)
[2026-03-04 20:57:24] INFO [app:73] - ✅ Security headers configurados
[2026-03-04 20:57:24] INFO [app:72] - ✅ Error handlers registrados
[2026-03-04 20:57:25] INFO [app:115] -  24 Blueprints registrados com sucesso
[2026-03-04 21:01:25] INFO [app:58] - ✅ Sistema de logging configurado (rotação diária, retenção: 3 dias)
[2026-03-04 21:01:25] INFO [app:73] - ✅ Security headers configurados
[2026-03-04 21:01:25] INFO [app:72] - ✅ Error handlers registrados
[2026-03-04 21:01:26] INFO [app:115] -  24 Blueprints registrados com sucesso
[2026-03-04 21:01:38] WARNING [app:17] - 404 Error: http://172.16.1.75:5000/static/manifest.json
